[    0.000000] Linux version 4.15.0-202-generic (buildd@lcy02-amd64-115) (gcc version 7.5.0 (Ubuntu 7.5.0-3ubuntu1~18.04)) #213-Ubuntu SMP Thu Jan 5 19:19:12 UTC 2023 (Ubuntu 4.15.0-202.213-generic 4.15.18)
[    0.000000] Command line: BOOT_IMAGE=/boot/vmlinuz-4.15.0-202-generic root=LABEL=cloudimg-rootfs ro console=tty1 console=ttyS0
[    0.000000] KERNEL supported cpus:
[    0.000000]   Intel GenuineIntel
[    0.000000]   AMD AuthenticAMD
[    0.000000]   Centaur CentaurHauls
[    0.000000] x86/fpu: Supporting XSAVE feature 0x001: 'x87 floating point registers'
[    0.000000] x86/fpu: Supporting XSAVE feature 0x002: 'SSE registers'
[    0.000000] x86/fpu: Supporting XSAVE feature 0x004: 'AVX registers'
[    0.000000] x86/fpu: xstate_offset[2]:  576, xstate_sizes[2]:  256
[    0.000000] x86/fpu: Enabled xstate features 0x7, context size is 832 bytes, using 'standard' format.
[    0.000000] e820: BIOS-provided physical RAM map:
[    0.000000] BIOS-e820: [mem 0x0000000000000000-0x000000000009fbff] usable
[    0.000000] BIOS-e820: [mem 0x000000000009fc00-0x000000000009ffff] reserved
[    0.000000] BIOS-e820: [mem 0x00000000000f0000-0x00000000000fffff] reserved
[    0.000000] BIOS-e820: [mem 0x0000000000100000-0x000000003ffeffff] usable
[    0.000000] BIOS-e820: [mem 0x000000003fff0000-0x000000003fffffff] ACPI data
[    0.000000] BIOS-e820: [mem 0x00000000fec00000-0x00000000fec00fff] reserved
[    0.000000] BIOS-e820: [mem 0x00000000fee00000-0x00000000fee00fff] reserved
[    0.000000] BIOS-e820: [mem 0x00000000fffc0000-0x00000000ffffffff] reserved
[    0.000000] NX (Execute Disable) protection: active
[    0.000000] SMBIOS 2.5 present.
[    0.000000] DMI: innotek GmbH VirtualBox/VirtualBox, BIOS VirtualBox 12/01/2006
[    0.000000] Hypervisor detected: KVM
[    0.000000] e820: last_pfn = 0x3fff0 max_arch_pfn = 0x400000000
[    0.000000] MTRR: Disabled
[    0.000000] x86/PAT: MTRRs disabled, skipping PAT initialization too.
[    0.000000] CPU MTRRs all blank - virtualized system.
[    0.000000] x86/PAT: Configuration [0-7]: WB  WT  UC- UC  WB  WT  UC- UC  
[    0.000000] found SMP MP-table at [mem 0x0009fff0-0x0009ffff]
[    0.000000] Scanning 1 areas for low memory corruption
[    0.000000] RAMDISK: [mem 0x3580f000-0x36bfefff]
[    0.000000] ACPI: Early table checksum verification disabled
[    0.000000] ACPI: RSDP 0x00000000000E0000 000024 (v02 VBOX  )
[    0.000000] ACPI: XSDT 0x000000003FFF0030 00003C (v01 VBOX   VBOXXSDT 00000001 ASL  00000061)
[    0.000000] ACPI: FACP 0x000000003FFF00F0 0000F4 (v04 VBOX   VBOXFACP 00000001 ASL  00000061)
[    0.000000] ACPI: DSDT 0x000000003FFF0610 002353 (v02 VBOX   VBOXBIOS 00000002 INTL 20100528)
[    0.000000] ACPI: FACS 0x000000003FFF0200 000040
[    0.000000] ACPI: FACS 0x000000003FFF0200 000040
[    0.000000] ACPI: APIC 0x000000003FFF0240 00005C (v02 VBOX   VBOXAPIC 00000001 ASL  00000061)
[    0.000000] ACPI: SSDT 0x000000003FFF02A0 00036C (v01 VBOX   VBOXCPUT 00000002 INTL 20100528)
[    0.000000] ACPI: Reserving FACP table memory at [mem 0x3fff00f0-0x3fff01e3]
[    0.000000] ACPI: Reserving DSDT table memory at [mem 0x3fff0610-0x3fff2962]
[    0.000000] ACPI: Reserving FACS table memory at [mem 0x3fff0200-0x3fff023f]
[    0.000000] ACPI: Reserving FACS table memory at [mem 0x3fff0200-0x3fff023f]
[    0.000000] ACPI: Reserving APIC table memory at [mem 0x3fff0240-0x3fff029b]
[    0.000000] ACPI: Reserving SSDT table memory at [mem 0x3fff02a0-0x3fff060b]
[    0.000000] No NUMA configuration found
[    0.000000] Faking a node at [mem 0x0000000000000000-0x000000003ffeffff]
[    0.000000] NODE_DATA(0) allocated [mem 0x3ffc5000-0x3ffeffff]
[    0.000000] kvm-clock: cpu 0, msr 0:3ff44001, primary cpu clock
[    0.000000] kvm-clock: Using msrs 4b564d01 and 4b564d00
[    0.000000] kvm-clock: using sched offset of 3153350226 cycles
[    0.000000] clocksource: kvm-clock: mask: 0xffffffffffffffff max_cycles: 0x1cd42e4dffb, max_idle_ns: 881590591483 ns
[    0.000000] Zone ranges:
[    0.000000]   DMA      [mem 0x0000000000001000-0x0000000000ffffff]
[    0.000000]   DMA32    [mem 0x0000000001000000-0x000000003ffeffff]
[    0.000000]   Normal   empty
[    0.000000]   Device   empty
[    0.000000] Movable zone start for each node
[    0.000000] Early memory node ranges
[    0.000000]   node   0: [mem 0x0000000000001000-0x000000000009efff]
[    0.000000]   node   0: [mem 0x0000000000100000-0x000000003ffeffff]
[    0.000000] Reserved but unavailable: 104 pages
[    0.000000] Initmem setup node 0 [mem 0x0000000000001000-0x000000003ffeffff]
[    0.000000] ACPI: PM-Timer IO Port: 0x4008
[    0.000000] IOAPIC[0]: apic_id 2, version 32, address 0xfec00000, GSI 0-23
[    0.000000] ACPI: INT_SRC_OVR (bus 0 bus_irq 0 global_irq 2 dfl dfl)
[    0.000000] ACPI: INT_SRC_OVR (bus 0 bus_irq 9 global_irq 9 low level)
[    0.000000] Using ACPI (MADT) for SMP configuration information
[    0.000000] smpboot: Allowing 2 CPUs, 0 hotplug CPUs
[    0.000000] PM: Registered nosave memory: [mem 0x00000000-0x00000fff]
[    0.000000] PM: Registered nosave memory: [mem 0x0009f000-0x0009ffff]
[    0.000000] PM: Registered nosave memory: [mem 0x000a0000-0x000effff]
[    0.000000] PM: Registered nosave memory: [mem 0x000f0000-0x000fffff]
[    0.000000] e820: [mem 0x40000000-0xfebfffff] available for PCI devices
[    0.000000] Booting paravirtualized kernel on KVM
[    0.000000] clocksource: refined-jiffies: mask: 0xffffffff max_cycles: 0xffffffff, max_idle_ns: 7645519600211568 ns
[    0.000000] setup_percpu: NR_CPUS:8192 nr_cpumask_bits:2 nr_cpu_ids:2 nr_node_ids:1
[    0.000000] percpu: Embedded 50 pages/cpu s167936 r8192 d28672 u1048576
[    0.000000] PV qspinlock hash table entries: 256 (order: 0, 4096 bytes)
[    0.000000] Built 1 zonelists, mobility grouping on.  Total pages: 257913
[    0.000000] Policy zone: DMA32
[    0.000000] Kernel command line: BOOT_IMAGE=/boot/vmlinuz-4.15.0-202-generic root=LABEL=cloudimg-rootfs ro console=tty1 console=ttyS0
[    0.000000] Memory: 981764K/1048120K available (12300K kernel code, 2477K rwdata, 4320K rodata, 2472K init, 2720K bss, 66356K reserved, 0K cma-reserved)
[    0.000000] SLUB: HWalign=64, Order=0-3, MinObjects=0, CPUs=2, Nodes=1
[    0.000000] ftrace: allocating 39478 entries in 155 pages
[    0.004000] Hierarchical RCU implementation.
[    0.004000] 	RCU restricting CPUs from NR_CPUS=8192 to nr_cpu_ids=2.
[    0.004000] 	Tasks RCU enabled.
[    0.004000] RCU: Adjusting geometry for rcu_fanout_leaf=16, nr_cpu_ids=2
[    0.004000] NR_IRQS: 524544, nr_irqs: 440, preallocated irqs: 16
[    0.004000] random: crng init done
[    0.004000] Console: colour VGA+ 80x25
[    0.004000] console [tty1] enabled
[    0.004000] console [ttyS0] enabled
[    0.004000] ACPI: Core revision 20170831
[    0.004000] ACPI: 2 ACPI AML tables successfully acquired and loaded
[    0.004000] APIC: Switch to symmetric I/O mode setup
[    0.004000] x2apic enabled
[    0.004000] Switched APIC routing to physical x2apic.
[    0.004000] ..TIMER: vector=0x30 apic1=0 pin1=2 apic2=-1 pin2=-1
[    0.004000] tsc: Detected 3110.412 MHz processor
[    0.004000] Calibrating delay loop (skipped) preset value.. 6220.82 BogoMIPS (lpj=12441648)
[    0.004004] pid_max: default: 32768 minimum: 301
[    0.004555] Security Framework initialized
[    0.005011] Yama: becoming mindful.
[    0.005418] AppArmor: AppArmor initialized
[    0.008008] Dentry cache hash table entries: 131072 (order: 8, 1048576 bytes)
[    0.008826] Inode-cache hash table entries: 65536 (order: 7, 524288 bytes)
[    0.009686] Mount-cache hash table entries: 2048 (order: 2, 16384 bytes)
[    0.010530] Mountpoint-cache hash table entries: 2048 (order: 2, 16384 bytes)
[    0.012212] Last level iTLB entries: 4KB 0, 2MB 0, 4MB 0
[    0.012793] Last level dTLB entries: 4KB 0, 2MB 0, 4MB 0, 1GB 0
[    0.013434] Spectre V1 : Mitigation: usercopy/swapgs barriers and __user pointer sanitization
[    0.014369] Spectre V2 : Mitigation: Retpolines
[    0.014863] Spectre V2 : Spectre v2 / SpectreRSB mitigation: Filling RSB on context switch
[    0.016001] Speculative Store Bypass: Vulnerable
[    0.016883] Freeing SMP alternatives memory: 36K
[    0.126712] smpboot: CPU0: 11th Gen Intel(R) Core(TM) i5-11300H @ 3.10GHz (family: 0x6, model: 0x8c, stepping: 0x1)
[    0.127921] Performance Events: unsupported p6 CPU model 140 no PMU driver, software events only.
[    0.128000] Hierarchical SRCU implementation.
[    0.128000] NMI watchdog: Perf event create on CPU 0 failed with -2
[    0.128001] NMI watchdog: Perf NMI watchdog permanently disabled
[    0.128657] smp: Bringing up secondary CPUs ...
[    0.129249] x86: Booting SMP configuration:
[    0.129699] .... node  #0, CPUs:      #1
[    0.004000] kvm-clock: cpu 1, msr 0:3ff44041, secondary cpu clock
[    0.132018] smp: Brought up 1 node, 2 CPUs
[    0.132495] smpboot: Max logical packages: 1
[    0.132967] smpboot: Total of 2 processors activated (12441.64 BogoMIPS)
[    0.133809] devtmpfs: initialized
[    0.133809] x86/mm: Memory block size: 128MB
[    0.136104] evm: security.selinux
[    0.136488] evm: security.SMACK64
[    0.136867] evm: security.SMACK64EXEC
[    0.137309] evm: security.SMACK64TRANSMUTE
[    0.137763] evm: security.SMACK64MMAP
[    0.138178] evm: security.apparmor
[    0.138565] evm: security.ima
[    0.138910] evm: security.capability
[    0.139338] clocksource: jiffies: mask: 0xffffffff max_cycles: 0xffffffff, max_idle_ns: 7645041785100000 ns
[    0.140005] futex hash table entries: 512 (order: 3, 32768 bytes)
[    0.140705] pinctrl core: initialized pinctrl subsystem
[    0.144066] RTC time: 10:53:37, date: 02/05/23
[    0.144655] NET: Registered protocol family 16
[    0.145191] audit: initializing netlink subsys (disabled)
[    0.145783] audit: type=2000 audit(1675594422.225:1): state=initialized audit_enabled=0 res=1
[    0.148015] cpuidle: using governor ladder
[    0.148484] cpuidle: using governor menu
[    0.148947] ACPI: bus type PCI registered
[    0.149439] acpiphp: ACPI Hot Plug PCI Controller Driver version: 0.5
[    0.150196] PCI: Using configuration type 1 for base access
[    0.150817] HugeTLB registered 2.00 MiB page size, pre-allocated 0 pages
[    0.152046] ACPI: Added _OSI(Module Device)
[    0.152543] ACPI: Added _OSI(Processor Device)
[    0.153061] ACPI: Added _OSI(3.0 _SCP Extensions)
[    0.153574] ACPI: Added _OSI(Processor Aggregator Device)
[    0.154151] ACPI: Added _OSI(Linux-Dell-Video)
[    0.154640] ACPI: Added _OSI(Linux-Lenovo-NV-HDMI-Audio)
[    0.156003] ACPI: Added _OSI(Linux-HPI-Hybrid-Graphics)
[    0.156753] ACPI: Executed 1 blocks of module-level executable AML code
[    0.159720] ACPI: Interpreter enabled
[    0.160040] ACPI: (supports S0 S5)
[    0.160449] ACPI: Using IOAPIC for interrupt routing
[    0.161145] PCI: Using host bridge windows from ACPI; if necessary, use "pci=nocrs" and report a bug
[    0.162249] ACPI: Enabled 2 GPEs in block 00 to 07
[    0.166812] ACPI: PCI Root Bridge [PCI0] (domain 0000 [bus 00-ff])
[    0.167503] acpi PNP0A03:00: _OSC: OS supports [ASPM ClockPM Segments MSI]
[    0.168000] acpi PNP0A03:00: _OSC: not requesting OS control; OS requires [ExtendedConfig ASPM ClockPM MSI]
[    0.168009] acpi PNP0A03:00: fail to add MMCONFIG information, can't access extended PCI configuration space under this bridge.
[    0.169470] PCI host bridge to bus 0000:00
[    0.170000] pci_bus 0000:00: root bus resource [io  0x0000-0x0cf7 window]
[    0.172004] pci_bus 0000:00: root bus resource [io  0x0d00-0xffff window]
[    0.172713] pci_bus 0000:00: root bus resource [mem 0x000a0000-0x000bffff window]
[    0.173557] pci_bus 0000:00: root bus resource [mem 0x40000000-0xfdffffff window]
[    0.174364] pci_bus 0000:00: root bus resource [bus 00-ff]
[    0.176720] pci 0000:00:01.1: legacy IDE quirk: reg 0x10: [io  0x01f0-0x01f7]
[    0.177932] pci 0000:00:01.1: legacy IDE quirk: reg 0x14: [io  0x03f6]
[    0.178626] pci 0000:00:01.1: legacy IDE quirk: reg 0x18: [io  0x0170-0x0177]
[    0.179385] pci 0000:00:01.1: legacy IDE quirk: reg 0x1c: [io  0x0376]
[    0.188501] pci 0000:00:07.0: quirk: [io  0x4000-0x403f] claimed by PIIX4 ACPI
[    0.189457] pci 0000:00:07.0: quirk: [io  0x4100-0x410f] claimed by PIIX4 SMB
[    0.196015] ACPI: PCI Interrupt Link [LNKA] (IRQs 5 9 10 *11)
[    0.196909] ACPI: PCI Interrupt Link [LNKB] (IRQs 5 9 *10 11)
[    0.197676] ACPI: PCI Interrupt Link [LNKC] (IRQs 5 *9 10 11)
[    0.198456] ACPI: PCI Interrupt Link [LNKD] (IRQs 5 9 10 *11)
[    0.199471] SCSI subsystem initialized
[    0.200042] pci 0000:00:02.0: vgaarb: setting as boot VGA device
[    0.200715] pci 0000:00:02.0: vgaarb: VGA device added: decodes=io+mem,owns=io+mem,locks=none
[    0.201709] pci 0000:00:02.0: vgaarb: bridge control possible
[    0.202434] vgaarb: loaded
[    0.202784] ACPI: bus type USB registered
[    0.204024] usbcore: registered new interface driver usbfs
[    0.204616] usbcore: registered new interface driver hub
[    0.205190] usbcore: registered new device driver usb
[    0.205816] EDAC MC: Ver: 3.0.0
[    0.205816] PCI: Using ACPI for IRQ routing
[    0.205816] NetLabel: Initializing
[    0.205816] NetLabel:  domain hash size = 128
[    0.208005] NetLabel:  protocols = UNLABELED CIPSOv4 CALIPSO
[    0.208634] NetLabel:  unlabeled traffic allowed by default
[    0.209236] clocksource: Switched to clocksource kvm-clock
[    0.224355] VFS: Disk quotas dquot_6.6.0
[    0.224883] VFS: Dquot-cache hash table entries: 512 (order 0, 4096 bytes)
[    0.225700] AppArmor: AppArmor Filesystem Enabled
[    0.226229] pnp: PnP ACPI init
[    0.227246] pnp: PnP ACPI: found 3 devices
[    0.234617] clocksource: acpi_pm: mask: 0xffffff max_cycles: 0xffffff, max_idle_ns: 2085701024 ns
[    0.236040] NET: Registered protocol family 2
[    0.236579] IP idents hash table entries: 16384 (order: 5, 131072 bytes)
[    0.240404] TCP established hash table entries: 8192 (order: 4, 65536 bytes)
[    0.241171] TCP bind hash table entries: 8192 (order: 5, 131072 bytes)
[    0.241873] TCP: Hash tables configured (established 8192 bind 8192)
[    0.242565] UDP hash table entries: 512 (order: 2, 16384 bytes)
[    0.243241] UDP-Lite hash table entries: 512 (order: 2, 16384 bytes)
[    0.243936] NET: Registered protocol family 1
[    0.244445] pci 0000:00:00.0: Limiting direct PCI/PCI transfers
[    0.245106] pci 0000:00:01.0: Activating ISA DMA hang workarounds
[    0.245792] pci 0000:00:02.0: Video device with shadowed ROM at [mem 0x000c0000-0x000dffff]
[    0.246776] Unpacking initramfs...
[    0.540799] Freeing initrd memory: 20416K
[    0.541452] clocksource: tsc: mask: 0xffffffffffffffff max_cycles: 0x2cd5b386f7a, max_idle_ns: 440795332827 ns
[    0.542651] platform rtc_cmos: registered platform RTC device (no PNP device found)
[    0.543617] Scanning for low memory corruption every 60 seconds
[    0.544776] Initialise system trusted keyrings
[    0.545321] Key type blacklist registered
[    0.545870] workingset: timestamp_bits=36 max_order=18 bucket_order=0
[    0.547180] zbud: loaded
[    0.547981] squashfs: version 4.0 (2009/01/31) Phillip Lougher
[    0.548820] fuse init (API version 7.26)
[    0.551085] Key type asymmetric registered
[    0.557084] Asymmetric key parser 'x509' registered
[    0.557688] Block layer SCSI generic (bsg) driver version 0.4 loaded (major 246)
[    0.558574] io scheduler noop registered
[    0.559049] io scheduler deadline registered
[    0.559588] io scheduler cfq registered (default)
[    0.560508] ACPI: AC Adapter [AC] (on-line)
[    0.561105] input: Power Button as /devices/LNXSYSTM:00/LNXPWRBN:00/input/input0
[    0.562027] ACPI: Power Button [PWRF]
[    0.562523] input: Sleep Button as /devices/LNXSYSTM:00/LNXSLPBN:00/input/input1
[    0.563359] ACPI: Sleep Button [SLPF]
[    0.564549] ACPI: Battery Slot [BAT0] (battery present)
[    0.565285] Serial: 8250/16550 driver, 32 ports, IRQ sharing enabled
[    0.586488] 00:02: ttyS0 at I/O 0x3f8 (irq = 4, base_baud = 115200) is a 16550A
[    0.589260] Linux agpgart interface v0.103
[    0.590763] loop: module loaded
[    0.591665] scsi host0: ata_piix
[    0.592669] scsi host1: ata_piix
[    0.593064] ata1: PATA max UDMA/33 cmd 0x1f0 ctl 0x3f6 bmdma 0xd000 irq 14
[    0.593769] ata2: PATA max UDMA/33 cmd 0x170 ctl 0x376 bmdma 0xd008 irq 15
[    0.594550] tun: Universal TUN/TAP device driver, 1.6
[    0.595136] PPP generic driver version 2.4.2
[    0.595683] ehci_hcd: USB 2.0 'Enhanced' Host Controller (EHCI) Driver
[    0.596398] ehci-pci: EHCI PCI platform driver
[    0.596945] ehci-platform: EHCI generic platform driver
[    0.597513] ohci_hcd: USB 1.1 'Open' Host Controller (OHCI) Driver
[    0.598256] ohci-pci: OHCI PCI platform driver
[    0.598790] ohci-platform: OHCI generic platform driver
[    0.599353] uhci_hcd: USB Universal Host Controller Interface driver
[    0.600134] i8042: PNP: PS/2 Controller [PNP0303:PS2K,PNP0f03:PS2M] at 0x60,0x64 irq 1,12
[    0.601391] serio: i8042 KBD port at 0x60,0x64 irq 1
[    0.601992] serio: i8042 AUX port at 0x60,0x64 irq 12
[    0.602633] mousedev: PS/2 mouse device common for all mice
[    0.603602] input: AT Translated Set 2 keyboard as /devices/platform/i8042/serio0/input/input2
[    0.604615] rtc_cmos rtc_cmos: rtc core: registered rtc_cmos as rtc0
[    0.605416] rtc_cmos rtc_cmos: alarms up to one day, 114 bytes nvram
[    0.606116] i2c /dev entries driver
[    0.606557] device-mapper: uevent: version 1.0.3
[    0.607130] device-mapper: ioctl: 4.37.0-ioctl (2017-09-20) initialised: dm-devel@redhat.com
[    0.608244] ledtrig-cpu: registered to indicate activity on CPUs
[    0.609268] NET: Registered protocol family 10
[    0.611946] Segment Routing with IPv6
[    0.612506] NET: Registered protocol family 17
[    0.613111] Key type dns_resolver registered
[    0.614133] mce: Using 0 MCE banks
[    0.614682] RAS: Correctable Errors collector initialized.
[    0.615424] sched_clock: Marking stable (614064065, 0)->(724328680, -110264615)
[    0.616556] registered taskstats version 1
[    0.617042] Loading compiled-in X.509 certificates
[    0.619254] Loaded X.509 cert 'Build time autogenerated kernel key: f114f3958ed3c37ba1924ca66ae8368f3c35b0e4'
[    0.620827] Loaded X.509 cert 'Canonical Ltd. Live Patch Signing: 14df34d1a87cf37625abec039ef2bf521249b969'
[    0.622294] Loaded X.509 cert 'Canonical Ltd. Kernel Module Signing: 88f752e560a1e0737e31163a466ad7b70a850c19'
[    0.623444] blacklist: Loading compiled-in revocation X.509 certificates
[    0.624221] Loaded X.509 cert 'Canonical Ltd. Secure Boot Signing: 61482aa2830d0ab2ad5af10b7250da9033ddcef0'
[    0.625316] zswap: loaded using pool lzo/zbud
[    0.627893] Key type big_key registered
[    0.628383] Key type trusted registered
[    0.629741] Key type encrypted registered
[    0.630196] AppArmor: AppArmor sha1 policy hashing enabled
[    0.630798] ima: No TPM chip found, activating TPM-bypass! (rc=-19)
[    0.631465] ima: Allocated hash algorithm: sha1
[    0.631977] evm: HMAC attrs: 0x1
[    0.632539]   Magic number: 11:747:880
[    0.633100] rtc_cmos rtc_cmos: setting system clock to 2023-02-05 10:53:37 UTC (1675594417)
[    0.634159] BIOS EDD facility v0.16 2004-Jun-25, 0 devices found
[    0.634830] EDD information not available.
[    0.786853] Freeing unused kernel image memory: 2472K
[    0.800022] Write protecting the kernel read-only data: 20480k
[    0.801375] Freeing unused kernel image memory: 2008K
[    0.802397] Freeing unused kernel image memory: 1824K
[    0.806329] x86/mm: Checked W+X mappings: passed, no W+X pages found.
Loading, please wait...
starting version 237
[    0.851570] e1000: Intel(R) PRO/1000 Network Driver - version 7.3.21-k8-NAPI
[    0.852482] e1000: Copyright (c) 1999-2006 Intel Corporation.
[    0.862453] Fusion MPT base driver 3.04.20
[    0.863041] Copyright (c) 1999-2008 LSI Corporation
[    0.867103] Fusion MPT SPI Host driver 3.04.20
[    0.869880] AVX2 version of gcm_enc/dec engaged.
[    0.870729] AES CTR mode by8 optimization enabled
[    0.885298] vboxvideo: loading out-of-tree module taints kernel.
[    0.886293] vboxvideo: module verification failed: signature and/or required key missing - tainting kernel
[    0.888466] vboxvideo: loading version 7.0.6 r155176
[    1.061032] input: ImExPS/2 Generic Explorer Mouse as /devices/platform/i8042/serio1/input/input4
[    1.228052] e1000 0000:00:03.0 eth0: (PCI:33MHz:32-bit) 02:42:ef:1f:df:3a
[    1.229114] e1000 0000:00:03.0 eth0: Intel(R) PRO/1000 Network Connection
[    1.231482] mptbase: ioc0: Initiating bringup
[    1.340332] ioc0: LSI53C1030 A0: Capabilities={Initiator}
[    1.587009] scsi host2: ioc0: LSI53C1030 A0, FwRev=00000000h, Ports=1, MaxQ=256, IRQ=20
[    1.764685] scsi 2:0:0:0: Direct-Access     VBOX     HARDDISK         1.0  PQ: 0 ANSI: 5
[    1.765842] [drm] VRAM 01000000
[    1.766602] [TTM] Zone  kernel: Available graphics memory: 504260 kiB
[    1.767536] [TTM] Initializing pool allocator
[    1.768069] [TTM] Initializing DMA pool allocator
[    1.769766] fbcon: vboxdrmfb (fb0) is primary device
[    1.770807] Console: switching to colour frame buffer device 100x37
[    1.772376] vboxvideo 0000:00:02.0: fb0: vboxdrmfb frame buffer device
[    1.788077] [drm] Initialized vboxvideo 1.0.0 20130823 for 0000:00:02.0 on minor 0
[    1.818174] scsi target2:0:0: Beginning Domain Validation
[    1.819726] scsi target2:0:0: Domain Validation skipping write tests
[    1.820350] scsi target2:0:0: Ending Domain Validation
[    1.820931] scsi target2:0:0: asynchronous
[    1.821596] scsi 2:0:1:0: Direct-Access     VBOX     HARDDISK         1.0  PQ: 0 ANSI: 5
[    1.980095] scsi target2:0:1: Beginning Domain Validation
[    1.981670] scsi target2:0:1: Domain Validation skipping write tests
[    1.982526] scsi target2:0:1: Ending Domain Validation
[    1.983083] scsi target2:0:1: asynchronous
[    1.986023] sd 2:0:0:0: [sda] 83886080 512-byte logical blocks: (42.9 GB/40.0 GiB)
[    1.986815] sd 2:0:0:0: [sda] Write Protect is off
[    1.987416] sd 2:0:0:0: [sda] Incomplete mode parameter data
[    1.988043] sd 2:0:0:0: [sda] Assuming drive cache: write through
[    1.989018] sd 2:0:0:0: Attached scsi generic sg0 type 0
[    1.990181] sd 2:0:1:0: Attached scsi generic sg1 type 0
[    1.990826]  sda: sda1
[    1.991562] sd 2:0:0:0: [sda] Attached SCSI disk
[    1.996184] sd 2:0:1:0: [sdb] 20480 512-byte logical blocks: (10.5 MB/10.0 MiB)
[    1.997113] sd 2:0:1:0: [sdb] Write Protect is off
[    1.997872] sd 2:0:1:0: [sdb] Incomplete mode parameter data
[    1.998553] sd 2:0:1:0: [sdb] Assuming drive cache: write through
[    2.001226] sd 2:0:1:0: [sdb] Attached SCSI disk
[    2.166201] e1000 0000:00:08.0 eth1: (PCI:33MHz:32-bit) 08:00:27:3a:3d:3b
[    2.167164] e1000 0000:00:08.0 eth1: Intel(R) PRO/1000 Network Connection
[    2.168882] e1000 0000:00:08.0 enp0s8: renamed from eth1
[    2.248935] e1000 0000:00:03.0 enp0s3: renamed from eth0
Begin: Loading essential drivers ... [    2.388373] raid6: sse2x1   gen() 17600 MB/s
[    2.436118] raid6: sse2x1   xor() 10811 MB/s
[    2.484767] raid6: sse2x2   gen() 19833 MB/s
[    2.532598] raid6: sse2x2   xor() 14068 MB/s
[    2.580250] raid6: sse2x4   gen() 19812 MB/s
[    2.628927] raid6: sse2x4   xor() 11179 MB/s
[    2.676367] raid6: avx2x1   gen() 25619 MB/s
[    2.724443] raid6: avx2x1   xor() 12795 MB/s
[    2.772206] raid6: avx2x2   gen() 38149 MB/s
[    2.820833] raid6: avx2x2   xor() 27291 MB/s
[    2.868506] raid6: avx2x4   gen() 41572 MB/s
[    2.916649] raid6: avx2x4   xor() 20598 MB/s
[    2.917407] raid6: using algorithm avx2x4 gen() 41572 MB/s
[    2.918130] raid6: .... xor() 20598 MB/s, rmw enabled
[    2.919103] raid6: using avx2x2 recovery algorithm
[    2.920725] xor: automatically using best checksumming function   avx       
[    2.922372] async_tx: api initialized (async)
done.
Begin: Running /scripts/init-premount ... done.
Begin: Mounting root file system ... Begin: Running /scripts/local-top ... done.
Begin: Running /scripts/local-premount ... [    2.956157] Btrfs loaded, crc32c=crc32c-intel
Scanning for Btrfs filesystems
done.
Begin: Will now check root file system ... fsck from util-linux 2.31.1
[/sbin/fsck.ext4 (1) -- /dev/sda1] fsck.ext4 -a -C0 /dev/sda1 
cloudimg-rootfs: clean, 74376/5120000 files, 692074/10485499 blocks
done.
[    3.005004] EXT4-fs (sda1): mounted filesystem with ordered data mode. Opts: (null)
done.
Begin: Running /scripts/local-bottom ... done.
Begin: Running /scripts/init-bottom ... done.
[    3.191491] ip_tables: (C) 2000-2006 Netfilter Core Team
[    3.206341] systemd[1]: systemd 237 running in system mode. (+PAM +AUDIT +SELINUX +IMA +APPARMOR +SMACK +SYSVINIT +UTMP +LIBCRYPTSETUP +GCRYPT +GNUTLS +ACL +XZ +LZ4 +SECCOMP +BLKID +ELFUTILS +KMOD -IDN2 +IDN -PCRE2 default-hierarchy=hybrid)
[    3.210917] systemd[1]: Detected virtualization oracle.
[    3.211850] systemd[1]: Detected architecture x86-64.

Welcome to [1mUbuntu 18.04.6 LTS[0m!

[    3.219684] systemd[1]: Set hostname to <web01>.
[    3.466432] systemd[1]: Reached target User and Group Name Lookups.
[[0;32m  OK  [0m] Reached target User and Group Name Lookups.
[    3.467872] systemd[1]: Started Forward Password Requests to Wall Directory Watch.
[[0;32m  OK  [0m] Started Forward Password Requests to Wall Directory Watch.
[    3.469727] systemd[1]: Set up automount Arbitrary Executable File Formats File System Automount Point.
[[0;32m  OK  [0m] Set up automount Arbitrary Executab…rmats File System Automount Point.
[    3.471833] systemd[1]: Reached target Swap.
[[0;32m  OK  [0m] Reached target Swap.
[    3.473935] systemd[1]: Created slice User and Session Slice.
[[0;32m  OK  [0m] Created slice User and Session Slice.
[    3.475176] systemd[1]: Reached target System Time Synchronized.
[[0;32m  OK  [0m] Reached target System Time Synchronized.
[[0;32m  OK  [0m] Created slice System Slice.
[[0;32m  OK  [0m] Listening on Network Service Netlink Socket.
[[0;32m  OK  [0m] Listening on fsck to fsckd communication Socket.
[[0;32m  OK  [0m] Listening on Syslog Socket.
[[0;32m  OK  [0m] Listening on Journal Audit Socket.
[[0;32m  OK  [0m] Listening on Device-mapper event daemon FIFOs.
[[0;32m  OK  [0m] Listening on Journal Socket (/dev/log).
[[0;32m  OK  [0m] Listening on LVM2 poll daemon socket.
[[0;32m  OK  [0m] Created slice system-serial\x2dgetty.slice.
[[0;32m  OK  [0m] Listening on /dev/initctl Compatibility Named Pipe.
[[0;32m  OK  [0m] Listening on LVM2 metadata daemon socket.
[[0;32m  OK  [0m] Reached target Slices.
[[0;32m  OK  [0m] Listening on Journal Socket.
         Starting Set the console keyboard layout...
         Starting Load Kernel Modules...
         Mounting Huge Pages File System...
         Mounting POSIX Message Queue File System...
         Starting Uncomplicated firewall...
         Starting Monitoring of LVM2 mirrors…ng dmeventd or progress polling...
         Starting Create list of required st…ce nodes for the current kernel...
         Starting Remount Root and Kernel File Systems...
         Starting Journal Service...
[    3.529599] Loading iSCSI transport class v2.0-870.
         Mounting Kernel Debug File System...
[[0;32m  OK  [0m] Listening on udev Control Socket.
[[0;32m  OK  [0m] Listening on udev Kernel Socket.
[    3.536223] iscsi: registered transport (tcp)
         Starting udev Coldplug all Devices...
[[0;32m  OK  [0m] Mounted Huge Pages File System.
[[0;32m  OK  [0m] Mounted POSIX Message Queue File System.
[[0;32m  OK  [0m] Mounted Kernel Debug File System.
[[0;32m  OK  [0m] Started Uncomplicated firewall.
[[0;32m  OK  [0m] Started Create list of required sta…vice nodes for the current kernel.
         Starting Create Static Device Nodes in /dev...
[[0;32m  OK  [0m] Started udev Coldplug all Devices.
[    3.661949] EXT4-fs (sda1): re-mounted. Opts: (null)
[[0;32m  OK  [0m] Started Remount Root and Kernel File Systems.
         Starting Load/Save Random Seed...
[    3.669970] iscsi: registered transport (iser)
[[0;32m  OK  [0m] Started Journal Service.
[[0;32m  OK  [0m] Started Load Kernel Modules.
[[0;32m  OK  [0m] Started Create Static Device Nodes in /dev.
         Starting udev Kernel Device Manager...
         Mounting FUSE Control File System...
         Mounting Kernel Configuration File System...
         Starting Apply Kernel Variables...
         Starting Flush Journal to Persistent Storage...
[[0;32m  OK  [0m] Mounted Kernel Configuration File System.
[[0;32m  OK  [0m] Mounted FUSE Control File System.
[[0;32m  OK  [0m] Started LVM2 metadata daemon.
[[0;32m  OK  [0m] Started Load/Save Random Seed.
[[0;32m  OK  [0m] Started udev Kernel Device Manager.
[[0;32m  OK  [0m] Started Apply Kernel Variables.
[[0;32m  OK  [0m] Started Monitoring of LVM2 mirrors,…sing dmeventd or progress polling.
[[0;32m  OK  [0m] Started Flush Journal to Persistent Storage.
[[0;32m  OK  [0m] Found device /dev/ttyS0.
[[0;32m  OK  [0m] Listening on Load/Save RF Kill Switch Status /dev/rfkill Watch.
         Mounting Arbitrary Executable File Formats File System...
[[0;32m  OK  [0m] Mounted Arbitrary Executable File Formats File System.
[[0;32m  OK  [0m] Started Set the console keyboard layout.
[[0;32m  OK  [0m] Started Dispatch Password Requests to Console Directory Watch.
[[0;32m  OK  [0m] Reached target Local Encrypted Volumes.
[[0;32m  OK  [0m] Reached target Local File Systems (Pre).
[[0;32m  OK  [0m] Reached target Local File Systems.
         Starting Tell Plymouth To Write Out Runtime Data...
         Starting Set console font and keymap...
         Starting ebtables ruleset management...
         Starting Create Volatile Files and Directories...
         Starting AppArmor initialization...
[[0;32m  OK  [0m] Started Tell Plymouth To Write Out Runtime Data.
[[0;32m  OK  [0m] Started Set console font and keymap.
[[0;32m  OK  [0m] Started Create Volatile Files and Directories.
         Starting Update UTMP about System Boot/Shutdown...
[[0;32m  OK  [0m] Started Update UTMP about System Boot/Shutdown.
[[0;32m  OK  [0m] Started ebtables ruleset management.
[[0;32m  OK  [0m] Started AppArmor initialization.
         Starting Load AppArmor profiles managed internally by snapd...
         Starting Initial cloud-init job (pre-networking)...
[[0;32m  OK  [0m] Started Load AppArmor profiles managed internally by snapd.
[    5.865235] cloud-init[751]: Cloud-init v. 22.4.2-0ubuntu0~18.04.1 running 'init-local' at Sun, 05 Feb 2023 10:53:42 +0000. Up 5.71 seconds.
[[0;32m  OK  [0m] Started Initial cloud-init job (pre-networking).
[[0;32m  OK  [0m] Reached target Network (Pre).
         Starting Network Service...
[[0;32m  OK  [0m] Started Network Service.
         Starting Network Name Resolution...
         Starting Wait for Network to be Configured...
[[0;32m  OK  [0m] Started Network Name Resolution.
[[0;32m  OK  [0m] Reached target Network.
[[0;32m  OK  [0m] Reached target Host and Network Name Lookups.
[[0;32m  OK  [0m] Started Wait for Network to be Configured.
         Starting Initial cloud-init job (metadata service crawler)...
[    8.364198] cloud-init[876]: Cloud-init v. 22.4.2-0ubuntu0~18.04.1 running 'init' at Sun, 05 Feb 2023 10:53:45 +0000. Up 8.14 seconds.
[    8.365923] cloud-init[876]: ci-info: ++++++++++++++++++++++++++++++++++++++Net device info+++++++++++++++++++++++++++++++++++++++
[    8.369408] cloud-init[876]: ci-info: +--------+------+-----------------------------+---------------+--------+-------------------+
[    8.372141] cloud-init[876]: ci-info: | Device |  Up  |           Address           |      Mask     | Scope  |     Hw-Address    |
[    8.373897] cloud-init[876]: ci-info: +--------+------+-----------------------------+---------------+--------+-------------------+
[    8.375273] cloud-init[876]: ci-info: | enp0s3 | True |          10.0.2.15          | 255.255.255.0 | global | 02:42:ef:1f:df:3a |
[    8.390067] cloud-init[876]: ci-info: | enp0s3 | True |  fe80::42:efff:fe1f:df3a/64 |       .       |  link  | 02:42:ef:1f:df:3a |
[    8.394471] cloud-init[876]: ci-info: | enp0s8 | True |        192.168.56.11        | 255.255.255.0 | global | 08:00:27:3a:3d:3b |
[    8.405128] cloud-init[876]: ci-info: | enp0s8 | True | fe80::a00:27ff:fe3a:3d3b/64 |       .       |  link  | 08:00:27:3a:3d:3b |
[    8.406764] cloud-init[876]: ci-info: |   lo   | True |          127.0.0.1          |   255.0.0.0   |  host  |         .         |
[    8.411854] cloud-init[876]: ci-info: |   lo   | True |           ::1/128           |       .       |  host  |         .         |
[    8.415465] cloud-init[876]: ci-info: +--------+------+-----------------------------+---------------+--------+-------------------+
[    8.417255] cloud-init[876]: ci-info: +++++++++++++++++++++++++++++Route IPv4 info+++++++++++++++++++++++++++++
[    8.421590] cloud-init[876]: ci-info: +-------+--------------+----------+-----------------+-----------+-------+
[    8.423092] cloud-init[876]: ci-info: | Route | Destination  | Gateway  |     Genmask     | Interface | Flags |
[    8.425246] cloud-init[876]: ci-info: +-------+--------------+----------+-----------------+-----------+-------+
[    8.428779] cloud-init[876]: ci-info: |   0   |   0.0.0.0    | 10.0.2.2 |     0.0.0.0     |   enp0s3  |   UG  |
[    8.433780] cloud-init[876]: ci-info: |   1   |   10.0.2.0   | 0.0.0.0  |  255.255.255.0  |   enp0s3  |   U   |
[    8.435517] cloud-init[876]: ci-info: |   2   |   10.0.2.2   | 0.0.0.0  | 255.255.255.255 |   enp0s3  |   UH  |
[    8.437922] cloud-init[876]: ci-info: |   3   | 192.168.56.0 | 0.0.0.0  |  255.255.255.0  |   enp0s8  |   U   |
[    8.440745] cloud-init[876]: ci-info: +-------+--------------+----------+-----------------+-----------+-------+
[    8.442471] cloud-init[876]: ci-info: +++++++++++++++++++Route IPv6 info+++++++++++++++++++
[    8.443911] cloud-init[876]: ci-info: +-------+-------------+---------+-----------+-------+
[    8.448890] cloud-init[876]: ci-info: | Route | Destination | Gateway | Interface | Flags |
[    8.450286] cloud-init[876]: ci-info: +-------+-------------+---------+-----------+-------+
[    8.453468] cloud-init[876]: ci-info: |   1   |  fe80::/64  |    ::   |   enp0s8  |   U   |
[    8.455554] cloud-init[876]: ci-info: |   2   |  fe80::/64  |    ::   |   enp0s3  |   U   |
[    8.456627] cloud-init[876]: ci-info: |   4   |    local    |    ::   |   enp0s3  |   U   |
[    8.457727] cloud-init[876]: ci-info: |   5   |    local    |    ::   |   enp0s8  |   U   |
[    8.459891] cloud-init[876]: ci-info: |   6   |   ff00::/8  |    ::   |   enp0s8  |   U   |
[    8.463662] cloud-init[876]: ci-info: |   7   |   ff00::/8  |    ::   |   enp0s3  |   U   |
[    8.464761] cloud-init[876]: ci-info: +-------+-------------+---------+-----------+-------+
[[0;32m  OK  [0m] Started Initial cloud-init job (metadata service crawler).
[[0;32m  OK  [0m] Reached target System Initialization.
[[0;32m  OK  [0m] Listening on D-Bus System Message Bus Socket.
[[0;32m  OK  [0m] Listening on Open-iSCSI iscsid Socket.
[[0;32m  OK  [0m] Started Discard unused blocks once a week.
[[0;32m  OK  [0m] Started Ubuntu Advantage Timer for running repeated jobs.
[[0;32m  OK  [0m] Listening on UUID daemon activation socket.
[[0;32m  OK  [0m] Listening on cloud-init hotplug hook socket.
[[0;32m  OK  [0m] Listening on ACPID Listen Socket.
[[0;32m  OK  [0m] Started ACPI Events Check.
[[0;32m  OK  [0m] Reached target Paths.
[[0;32m  OK  [0m] Started Daily apt download activities.
[[0;32m  OK  [0m] Started Daily apt upgrade and clean activities.
[[0;32m  OK  [0m] Started Message of the Day.
         Starting LXD - unix socket.
         Starting Socket activation for snappy daemon.
[[0;32m  OK  [0m] Started Daily Cleanup of Temporary Directories.
[[0;32m  OK  [0m] Reached target Timers.
[[0;32m  OK  [0m] Reached target Network is Online.
[[0;32m  OK  [0m] Reached target Remote File Systems (Pre).
         Starting Availability of block devices...
         Mounting /vagrant...
[[0;32m  OK  [0m] Reached target Cloud-config availability.
[[0;32m  OK  [0m] Listening on LXD - unix socket.
[[0;32m  OK  [0m] Listening on Socket activation for snappy daemon.
[[0;32m  OK  [0m] Reached target Sockets.
[[0;32m  OK  [0m] Reached target Basic System.
         Starting System Logging Service...
         Starting vboxadd.service...
[[0;32m  OK  [0m] Started Deferred execution scheduler.
[[0;32m  OK  [0m] Started FUSE filesystem for LXC.
         Starting Snap Daemon...
[[0;32m  OK  [0m] Started Regular background program processing daemon.
         Starting Login Service...
[[0;32m  OK  [0m] Started irqbalance daemon.
         Starting OpenBSD Secure Shell server...
[[0;32m  OK  [0m] Started D-Bus System Message Bus.
         Starting LSB: Record successful boot for GRUB...
         Starting Dispatcher daemon for systemd-networkd...
[[0;32m  OK  [0m] Reached target Login Prompts (Pre).
         Starting Accounts Service...
         Starting LXD - container startup/shutdown...
[[0;32m  OK  [0m] Started System Logging Service.
[[0;32m  OK  [0m] Started Availability of block devices.
[[0;1;31mFAILED[0m] Failed to mount /vagrant.
See 'systemctl status vagrant.mount' for details.
[[0;1;33mDEPEND[0m] Dependency failed for Remote File Systems.
[[0;32m  OK  [0m] Started Login Service.
[[0;32m  OK  [0m] Started Unattended Upgrades Shutdown.
         Starting Permit User Sessions...
         Starting LSB: automatic crash report generation...
[[0;32m  OK  [0m] Started OpenBSD Secure Shell server.
[[0;32m  OK  [0m] Started Permit User Sessions.
         Starting Terminate Plymouth Boot Screen...
         Starting Hold until boot process finishes up...
[[0;32m  OK  [0m] Started Hold until boot process finishes up.
[[0;32m  OK  [0m] Started Serial Getty on ttyS0.
         Starting Set console scheme...
[[0;32m  OK  [0m] Started Terminate Plymouth Boot Screen.
[[0;32m  OK  [0m] Started Set console scheme.
[[0;32m  OK  [0m] Created slice system-getty.slice.
[[0;32m  OK  [0m] Started Getty on tty1.
[[0;32m  OK  [0m] Reached target Login Prompts.
         Starting Authorization Manager...
[[0;32m  OK  [0m] Started LSB: automatic crash report generation.
[[0;32m  OK  [0m] Started Authorization Manager.
[[0;32m  OK  [0m] Started Accounts Service.
[[0;32m  OK  [0m] Started LSB: Record successful boot for GRUB.
[[0;32m  OK  [0m] Started LXD - container startup/shutdown.
[[0;32m  OK  [0m] Started Dispatcher daemon for systemd-networkd.
[[0;32m  OK  [0m] Started Snap Daemon.
         Starting Wait until snapd is fully seeded...
         Starting Time & Date Service...
[[0;32m  OK  [0m] Started Time & Date Service.
[[0;32m  OK  [0m] Started Wait until snapd is fully seeded.
         Starting Apply the settings specified in cloud-config...
[   10.974836] cloud-init[1360]: Cloud-init v. 22.4.2-0ubuntu0~18.04.1 running 'modules:config' at Sun, 05 Feb 2023 10:53:47 +0000. Up 10.89 seconds.
[[0;32m  OK  [0m] Started Apply the settings specified in cloud-config.
[[0;32m  OK  [0m] Created slice User Slice of vagrant.
         Starting User Manager for UID 1000...
[[0;32m  OK  [0m] Started Session 1 of user vagrant.
[[0;32m  OK  [0m] Started User Manager for UID 1000.

Ubuntu 18.04.6 LTS web01 ttyS0

web01 login: [   28.492191] cloud-init[9787]: Cloud-init v. 22.4.2-0ubuntu0~18.04.1 running 'modules:final' at Sun, 05 Feb 2023 10:54:05 +0000. Up 28.38 seconds.
[   28.493330] cloud-init[9787]: Cloud-init v. 22.4.2-0ubuntu0~18.04.1 finished at Sun, 05 Feb 2023 10:54:05 +0000. Datasource DataSourceNoCloud [seed=/dev/sdb][dsmode=net].  Up 28.48 seconds
         Stopping User Manager for UID 1000...
         Stopping Session 7 of user vagrant.
         Unmounting /vagrant...
         Stopping Authorization Manager...
[[0;32m  OK  [0m] Stopped target Timers.
[[0;32m  OK  [0m] Stopped Message of the Day.
[[0;32m  OK  [0m] Stopped Daily Cleanup of Temporary Directories.
[[0;32m  OK  [0m] Stopped Ubuntu Advantage Timer for running repeated jobs.
[[0;32m  OK  [0m] Stopped Discard unused blocks once a week.
[[0;32m  OK  [0m] Stopped target Cloud-init target.
[[0;32m  OK  [0m] Stopped Execute cloud user/final scripts.
[[0;32m  OK  [0m] Stopped Apply the settings specified in cloud-config.
[[0;32m  OK  [0m] Stopped target Host and Network Name Lookups.
[[0;32m  OK  [0m] Stopped Daily apt upgrade and clean activities.
[[0;32m  OK  [0m] Stopped Daily apt download activities.
[[0;32m  OK  [0m] Stopped target System Time Synchronized.
[[0;32m  OK  [0m] Stopped target Cloud-config availability.
[[0;32m  OK  [0m] Closed Load/Save RF Kill Switch Status /dev/rfkill Watch.
[[0;32m  OK  [0m] Stopped target Graphical Interface.
         Stopping Accounts Service...
[[0;32m  OK  [0m] Stopped target Multi-User System.
         Stopping OpenBSD Secure Shell server...
         Stopping Deferred execution scheduler...
         Stopping LXD - container startup/shutdown...
         Stopping FUSE filesystem for LXC...
         Stopping vboxadd-service.service...
         Stopping A high performance web server and a reverse proxy server...
[[0;32m  OK  [0m] Stopped target Login Prompts.
         Stopping Getty on tty1...
         Stopping Serial Getty on ttyS0...
[[0;32m  OK  [0m] Stopped Wait until snapd is fully seeded.
         Stopping D-Bus System Message Bus...
         Stopping irqbalance daemon...
         Stopping LSB: Record successful boot for GRUB...
         Stopping Regular background program processing daemon...
         Stopping LSB: automatic crash report generation...
         Stopping Dispatcher daemon for systemd-networkd...
         Stopping System Logging Service...
         Stopping Availability of block devices...
[[0;32m  OK  [0m] Unmounted /var/lib/lxcfs.
[[0;32m  OK  [0m] Stopped System Logging Service.
[[0;32m  OK  [0m] Stopped Deferred execution scheduler.
[[0;32m  OK  [0m] Stopped Regular background program processing daemon.
[[0;32m  OK  [0m] Stopped irqbalance daemon.
[[0;32m  OK  [0m] Stopped Dispatcher daemon for systemd-networkd.
[[0;32m  OK  [0m] Stopped Accounts Service.
[[0;32m  OK  [0m] Stopped OpenBSD Secure Shell server.
[[0;32m  OK  [0m] Stopped Serial Getty on ttyS0.
[[0;32m  OK  [0m] Stopped Getty on tty1.
[[0;32m  OK  [0m] Stopped Authorization Manager.
[[0;32m  OK  [0m] Stopped User Manager for UID 1000.
[[0;32m  OK  [0m] Unmounted /vagrant.
[[0;32m  OK  [0m] Stopped A high performance web server and a reverse proxy server.
[[0;32m  OK  [0m] Stopped D-Bus System Message Bus.
[[0;32m  OK  [0m] Stopped Availability of block devices.
[[0;32m  OK  [0m] Stopped FUSE filesystem for LXC.
[[0;32m  OK  [0m] Stopped Session 7 of user vagrant.
[[0;32m  OK  [0m] Stopped target Network is Online.
[[0;32m  OK  [0m] Stopped target Remote File Systems (Pre).
[[0;32m  OK  [0m] Removed slice User Slice of vagrant.
         Stopping Login Service...
[[0;32m  OK  [0m] Removed slice system-getty.slice.
[[0;32m  OK  [0m] Removed slice system-serial\x2dgetty.slice.
         Stopping Permit User Sessions...
[[0;32m  OK  [0m] Stopped target Login Prompts (Pre).
[[0;32m  OK  [0m] Stopped LXD - container startup/shutdown.
[[0;32m  OK  [0m] Stopped vboxadd-service.service.
[[0;32m  OK  [0m] Stopped LSB: Record successful boot for GRUB.
[[0;32m  OK  [0m] Stopped Permit User Sessions.
[[0;32m  OK  [0m] Stopped target Network.
         Stopping Network Name Resolution...
         Stopping vboxadd.service...
[[0;32m  OK  [0m] Stopped LSB: automatic crash report generation.
[[0;32m  OK  [0m] Stopped Login Service.
[[0;32m  OK  [0m] Stopped target User and Group Name Lookups.
[[0;32m  OK  [0m] Stopped Network Name Resolution.
         Stopping Network Service...
[[0;32m  OK  [0m] Stopped Network Service.
[[0;32m  OK  [0m] Stopped vboxadd.service.
[[0;32m  OK  [0m] Stopped target Basic System.
[[0;32m  OK  [0m] Stopped target Slices.
[[0;32m  OK  [0m] Removed slice User and Session Slice.
[[0;32m  OK  [0m] Stopped target Paths.
[[0;32m  OK  [0m] Stopped ACPI Events Check.
[[0;32m  OK  [0m] Stopped target Sockets.
[[0;32m  OK  [0m] Closed Open-iSCSI iscsid Socket.
[[0;32m  OK  [0m] Closed cloud-init hotplug hook socket.
[[0;32m  OK  [0m] Closed Syslog Socket.
[[0;32m  OK  [0m] Closed D-Bus System Message Bus Socket.
[[0;32m  OK  [0m] Closed Socket activation for snappy daemon.
[[0;32m  OK  [0m] Closed LXD - unix socket.
[[0;32m  OK  [0m] Closed UUID daemon activation socket.
[[0;32m  OK  [0m] Closed ACPID Listen Socket.
[[0;32m  OK  [0m] Stopped target System Initialization.
[[0;32m  OK  [0m] Stopped target Local Encrypted Volumes.
[[0;32m  OK  [0m] Stopped Forward Password Requests to Wall Directory Watch.
[[0;32m  OK  [0m] Stopped Dispatch Password Requests to Console Directory Watch.
         Stopping Load/Save Random Seed...
         Stopping Update UTMP about System Boot/Shutdown...
[[0;32m  OK  [0m] Stopped Initial cloud-init job (metadata service crawler).
[[0;32m  OK  [0m] Stopped target Network (Pre).
[[0;32m  OK  [0m] Stopped Initial cloud-init job (pre-networking).
[[0;32m  OK  [0m] Stopped Apply Kernel Variables.
[[0;32m  OK  [0m] Stopped Load Kernel Modules.
[[0;32m  OK  [0m] Stopped Load/Save Random Seed.
[[0;32m  OK  [0m] Stopped Update UTMP about System Boot/Shutdown.
[[0;32m  OK  [0m] Stopped Create Volatile Files and Directories.
[[0;32m  OK  [0m] Stopped target Local File Systems.
[[0;32m  OK  [0m] Stopped target Mounted snaps.
[[0;32m  OK  [0m] Stopped target Mounting snaps.
         Unmounting /run/user/1000...
[[0;32m  OK  [0m] Unmounted /run/user/1000.
[[0;32m  OK  [0m] Reached target Unmount All Filesystems.
[[0;32m  OK  [0m] Stopped target Local File Systems (Pre).
[[0;32m  OK  [0m] Stopped Remount Root and Kernel File Systems.
[[0;32m  OK  [0m] Stopped Create Static Device Nodes in /dev.
         Stopping Monitoring of LVM2 mirrors…ng dmeventd or progress polling...
[[0;32m  OK  [0m] Stopped target Swap.
[[0;32m  OK  [0m] Reached target Shutdown.
[[0;32m  OK  [0m] Reached target Final Step.
         Starting Power-Off...
[ 5090.433527] reboot: Power down
